{"/Users/mrinaljain/Sites/swiggy/src/components/sum.js": {"path":"/Users/mrinaljain/Sites/swiggy/src/components/sum.js","statementMap":{"0":{"start":{"line":1,"column":19},"end":{"line":3,"column":1}},"1":{"start":{"line":2,"column":2},"end":{"line":2,"column":15}}},"fnMap":{"0":{"name":"(anonymous_0)","decl":{"start":{"line":1,"column":19},"end":{"line":1,"column":20}},"loc":{"start":{"line":1,"column":29},"end":{"line":3,"column":1}},"line":1}},"branchMap":{},"s":{"0":1,"1":1},"f":{"0":1},"b":{},"_coverageSchema":"1a1c01bbd47fc00a2c39e90264f33305004495a9","hash":"deecd9937a65c2f10876c8942549d3768562d582"}
,"/Users/mrinaljain/Sites/swiggy/src/pages/Contact/Contact.jsx": {"path":"/Users/mrinaljain/Sites/swiggy/src/pages/Contact/Contact.jsx","statementMap":{"0":{"start":{"line":6,"column":3},"end":{"line":12,"column":5}}},"fnMap":{"0":{"name":"Contact","decl":{"start":{"line":4,"column":9},"end":{"line":4,"column":16}},"loc":{"start":{"line":4,"column":19},"end":{"line":13,"column":1}},"line":4}},"branchMap":{},"s":{"0":1},"f":{"0":1},"b":{},"_coverageSchema":"1a1c01bbd47fc00a2c39e90264f33305004495a9","hash":"06408657cd2cb56f9966e03be06a7736521195a0"}
}
